This is pdfTeX, Version 3.14159265-2.6-1.40.20 (TeX Live 2019/W32TeX) (preloaded format=pdflatex 2019.9.15)  15 JUN 2020 21:46
entering extended mode
 restricted \write18 enabled.
 %&-line parsing enabled.
**hw4_written.tex
(./hw4_written.tex
LaTeX2e <2018-12-01>
(c:/texlive/2019/texmf-dist/tex/latex/exam/exam.cls
Document Class: exam 2017/12/17 Version 2.603 by Philip Hirschhorn
(c:/texlive/2019/texmf-dist/tex/latex/base/ifthen.sty
Package: ifthen 2014/09/29 v1.1c Standard LaTeX ifthen package (DPC)
)
(c:/texlive/2019/texmf-dist/tex/latex/base/article.cls
Document Class: article 2018/09/03 v1.4i Standard LaTeX document class
(c:/texlive/2019/texmf-dist/tex/latex/base/size11.clo
File: size11.clo 2018/09/03 v1.4i Standard LaTeX file (size option)
)
\c@part=\count80
\c@section=\count81
\c@subsection=\count82
\c@subsubsection=\count83
\c@paragraph=\count84
\c@subparagraph=\count85
\c@figure=\count86
\c@table=\count87
\abovecaptionskip=\skip41
\belowcaptionskip=\skip42
\bibindent=\dimen102
)
\@extrawidth=\skip43
\@rightmargin=\skip44
\@extrahead=\skip45
\@extrafoot=\skip46
\run@exhd=\skip47
\fp@exhd=\skip48
\run@exft=\skip49
\fp@exft=\skip50
\covrun@exhd=\skip51
\covfp@exhd=\skip52
\covrun@exft=\skip53
\covfp@exft=\skip54
\c@num@coverpages=\count88
\c@latest@ques=\count89
\c@ques@end=\count90
\c@last@object=\count91
\c@incmp@ques=\count92
\c@next@ques=\count93
\c@next@page=\count94
\c@tmp@hlfcntr=\count95
\c@ifpos@cntr=\count96
\c@question=\count97
\c@partno=\count98
\c@subpart=\count99
\c@subsubpart=\count100
\c@choice=\count101
\c@numpoints=\count102
\c@numbonuspoints=\count103
\c@pointsof@thisquestion=\count104
\c@bonuspointsof@thisquestion=\count105
\c@numquestions=\count106
\c@numparts=\count107
\c@numsubparts=\count108
\c@numsubsubparts=\count109
\c@Curr@Page=\count110
\c@@pagepoints=\count111
\c@@pagebonuspoints=\count112
\c@pageof@pagepoints=\count113
\c@pageof@pagebonuspoints=\count114
\c@latest@points=\count115
\c@latest@bonuspoints=\count116
\pageinfo@commands=\toks14
\temp@toks=\toks15
\pagepoint@commands=\toks16
\point@toks=\toks17
\c@ques@object=\count117
\marginpointssep=\skip55
\rightpointsmargin=\skip56
\choice@toks=\toks18
\answerlinelength=\skip57
\answerskip=\skip58
\answerclearance=\skip59
\fillinlinelength=\skip60
\linefillheight=\skip61
\linefillthickness=\skip62
\dottedlinefillheight=\skip63
\gridsize=\skip64
\gridlinewidth=\skip65
\minboxheight=\skip66
\c@@iterator=\count118
\@cellwidth=\skip67
\c@tbl@points=\count119
\c@tbl@bonuspoints=\count120
\c@pq@index=\count121
\c@pq@index@pts=\count122
\c@pq@index@bpts=\count123
\c@num@cols=\count124
\c@num@rows=\count125
\c@current@row=\count126
\c@cols@done=\count127
\exam@box=\box27
\saved@totalleftmargin=\dimen103
\@sollistdepth=\count128
\exam@FrameRule=\dimen104
\exam@FrameSep=\dimen105
)
(c:/texlive/2019/texmf-dist/tex/latex/geometry/geometry.sty
Package: geometry 2018/04/16 v5.8 Page Geometry

(c:/texlive/2019/texmf-dist/tex/latex/graphics/keyval.sty
Package: keyval 2014/10/28 v1.15 key=value parser (DPC)
\KV@toks@=\toks19
)
(c:/texlive/2019/texmf-dist/tex/generic/oberdiek/ifpdf.sty
Package: ifpdf 2018/09/07 v3.3 Provides the ifpdf switch
)
(c:/texlive/2019/texmf-dist/tex/generic/oberdiek/ifvtex.sty
Package: ifvtex 2016/05/16 v1.6 Detect VTeX and its facilities (HO)
Package ifvtex Info: VTeX not detected.
)
(c:/texlive/2019/texmf-dist/tex/generic/ifxetex/ifxetex.sty
Package: ifxetex 2010/09/12 v0.6 Provides ifxetex conditional
)
\Gm@cnth=\count129
\Gm@cntv=\count130
\c@Gm@tempcnt=\count131
\Gm@bindingoffset=\dimen106
\Gm@wd@mp=\dimen107
\Gm@odd@mp=\dimen108
\Gm@even@mp=\dimen109
\Gm@layoutwidth=\dimen110
\Gm@layoutheight=\dimen111
\Gm@layouthoffset=\dimen112
\Gm@layoutvoffset=\dimen113
\Gm@dimlist=\toks20
)
(c:/texlive/2019/texmf-dist/tex/latex/amsfonts/amsfonts.sty
Package: amsfonts 2013/01/14 v3.01 Basic AMSFonts support
\@emptytoks=\toks21
\symAMSa=\mathgroup4
\symAMSb=\mathgroup5
LaTeX Font Info:    Overwriting math alphabet `\mathfrak' in version `bold'
(Font)                  U/euf/m/n --> U/euf/b/n on input line 106.
)
(c:/texlive/2019/texmf-dist/tex/latex/amsmath/amsmath.sty
Package: amsmath 2018/12/01 v2.17b AMS math features
\@mathmargin=\skip68

For additional information on amsmath, use the `?' option.
(c:/texlive/2019/texmf-dist/tex/latex/amsmath/amstext.sty
Package: amstext 2000/06/29 v2.01 AMS text

(c:/texlive/2019/texmf-dist/tex/latex/amsmath/amsgen.sty
File: amsgen.sty 1999/11/30 v2.0 generic functions
\@emptytoks=\toks22
\ex@=\dimen114
))
(c:/texlive/2019/texmf-dist/tex/latex/amsmath/amsbsy.sty
Package: amsbsy 1999/11/29 v1.2d Bold Symbols
\pmbraise@=\dimen115
)
(c:/texlive/2019/texmf-dist/tex/latex/amsmath/amsopn.sty
Package: amsopn 2016/03/08 v2.02 operator names
)
\inf@bad=\count132
LaTeX Info: Redefining \frac on input line 223.
\uproot@=\count133
\leftroot@=\count134
LaTeX Info: Redefining \overline on input line 385.
\classnum@=\count135
\DOTSCASE@=\count136
LaTeX Info: Redefining \ldots on input line 482.
LaTeX Info: Redefining \dots on input line 485.
LaTeX Info: Redefining \cdots on input line 606.
\Mathstrutbox@=\box28
\strutbox@=\box29
\big@size=\dimen116
LaTeX Font Info:    Redeclaring font encoding OML on input line 729.
LaTeX Font Info:    Redeclaring font encoding OMS on input line 730.
\macc@depth=\count137
\c@MaxMatrixCols=\count138
\dotsspace@=\muskip10
\c@parentequation=\count139
\dspbrk@lvl=\count140
\tag@help=\toks23
\row@=\count141
\column@=\count142
\maxfields@=\count143
\andhelp@=\toks24
\eqnshift@=\dimen117
\alignsep@=\dimen118
\tagshift@=\dimen119
\tagwidth@=\dimen120
\totwidth@=\dimen121
\lineht@=\dimen122
\@envbody=\toks25
\multlinegap=\skip69
\multlinetaggap=\skip70
\mathdisplay@stack=\toks26
LaTeX Info: Redefining \[ on input line 2844.
LaTeX Info: Redefining \] on input line 2845.
)
(c:/texlive/2019/texmf-dist/tex/latex/amsfonts/amssymb.sty
Package: amssymb 2013/01/14 v3.01 AMS font symbols
)
(c:/texlive/2019/texmf-dist/tex/latex/amscls/amsthm.sty
Package: amsthm 2017/10/31 v2.20.4
\thm@style=\toks27
\thm@bodyfont=\toks28
\thm@headfont=\toks29
\thm@notefont=\toks30
\thm@headpunct=\toks31
\thm@preskip=\skip71
\thm@postskip=\skip72
\thm@headsep=\skip73
\dth@everypar=\toks32
)
(c:/texlive/2019/texmf-dist/tex/latex/mathtools/mathtools.sty
Package: mathtools 2019/07/31 v1.22 mathematical typesetting tools

(c:/texlive/2019/texmf-dist/tex/latex/tools/calc.sty
Package: calc 2017/05/25 v4.3 Infix arithmetic (KKT,FJ)
\calc@Acount=\count144
\calc@Bcount=\count145
\calc@Adimen=\dimen123
\calc@Bdimen=\dimen124
\calc@Askip=\skip74
\calc@Bskip=\skip75
LaTeX Info: Redefining \setlength on input line 80.
LaTeX Info: Redefining \addtolength on input line 81.
\calc@Ccount=\count146
\calc@Cskip=\skip76
)
(c:/texlive/2019/texmf-dist/tex/latex/mathtools/mhsetup.sty
Package: mhsetup 2017/03/31 v1.3 programming setup (MH)
)
LaTeX Info: Thecontrolsequence`\('isalreadyrobust on input line 129.
LaTeX Info: Thecontrolsequence`\)'isalreadyrobust on input line 129.
LaTeX Info: Thecontrolsequence`\['isalreadyrobust on input line 129.
LaTeX Info: Thecontrolsequence`\]'isalreadyrobust on input line 129.
\g_MT_multlinerow_int=\count147
\l_MT_multwidth_dim=\dimen125
\origjot=\skip77
\l_MT_shortvdotswithinadjustabove_dim=\dimen126
\l_MT_shortvdotswithinadjustbelow_dim=\dimen127
\l_MT_above_intertext_sep=\dimen128
\l_MT_below_intertext_sep=\dimen129
\l_MT_above_shortintertext_sep=\dimen130
\l_MT_below_shortintertext_sep=\dimen131
)
(c:/texlive/2019/texmf-dist/tex/latex/tools/enumerate.sty
Package: enumerate 2015/07/23 v3.00 enumerate extensions (DPC)
\@enLab=\toks33
)
(c:/texlive/2019/texmf-dist/tex/latex/listings/listings.sty
\lst@mode=\count148
\lst@gtempboxa=\box30
\lst@token=\toks34
\lst@length=\count149
\lst@currlwidth=\dimen132
\lst@column=\count150
\lst@pos=\count151
\lst@lostspace=\dimen133
\lst@width=\dimen134
\lst@newlines=\count152
\lst@lineno=\count153
\lst@maxwidth=\dimen135

(c:/texlive/2019/texmf-dist/tex/latex/listings/lstmisc.sty
File: lstmisc.sty 2019/09/10 1.8c (Carsten Heinz)
\c@lstnumber=\count154
\lst@skipnumbers=\count155
\lst@framebox=\box31
)
(c:/texlive/2019/texmf-dist/tex/latex/listings/listings.cfg
File: listings.cfg 2019/09/10 1.8c listings configuration
))
Package: listings 2019/09/10 1.8c (Carsten Heinz)

(c:/texlive/2019/texmf-dist/tex/latex/adjustbox/adjustbox.sty
Package: adjustbox 2019/01/04 v1.2 Adjusting TeX boxes (trim, clip, ...)

(c:/texlive/2019/texmf-dist/tex/latex/xkeyval/xkeyval.sty
Package: xkeyval 2014/12/03 v2.7a package option processing (HA)

(c:/texlive/2019/texmf-dist/tex/generic/xkeyval/xkeyval.tex
(c:/texlive/2019/texmf-dist/tex/generic/xkeyval/xkvutils.tex
\XKV@toks=\toks35
\XKV@tempa@toks=\toks36
)
\XKV@depth=\count156
File: xkeyval.tex 2014/12/03 v2.7a key=value parser (HA)
))
(c:/texlive/2019/texmf-dist/tex/latex/adjustbox/adjcalc.sty
Package: adjcalc 2012/05/16 v1.1 Provides advanced setlength with multiple back
-ends (calc, etex, pgfmath)
)
(c:/texlive/2019/texmf-dist/tex/latex/adjustbox/trimclip.sty
Package: trimclip 2018/04/08 v1.1 Trim and clip general TeX material

(c:/texlive/2019/texmf-dist/tex/latex/graphics/graphicx.sty
Package: graphicx 2017/06/01 v1.1a Enhanced LaTeX Graphics (DPC,SPQR)

(c:/texlive/2019/texmf-dist/tex/latex/graphics/graphics.sty
Package: graphics 2017/06/25 v1.2c Standard LaTeX Graphics (DPC,SPQR)

(c:/texlive/2019/texmf-dist/tex/latex/graphics/trig.sty
Package: trig 2016/01/03 v1.10 sin cos tan (DPC)
)
(c:/texlive/2019/texmf-dist/tex/latex/graphics-cfg/graphics.cfg
File: graphics.cfg 2016/06/04 v1.11 sample graphics configuration
)
Package graphics Info: Driver file: pdftex.def on input line 99.

(c:/texlive/2019/texmf-dist/tex/latex/graphics-def/pdftex.def
File: pdftex.def 2018/01/08 v1.0l Graphics/color driver for pdftex
))
\Gin@req@height=\dimen136
\Gin@req@width=\dimen137
)
(c:/texlive/2019/texmf-dist/tex/latex/collectbox/collectbox.sty
Package: collectbox 2012/05/17 v0.4b Collect macro arguments as boxes
\collectedbox=\box32
)
\tc@llx=\dimen138
\tc@lly=\dimen139
\tc@urx=\dimen140
\tc@ury=\dimen141
Package trimclip Info: Using driver 'tc-pdftex.def'.

(c:/texlive/2019/texmf-dist/tex/latex/adjustbox/tc-pdftex.def
File: tc-pdftex.def 2019/01/04 v2.2 Clipping driver for pdftex
))
\adjbox@Width=\dimen142
\adjbox@Height=\dimen143
\adjbox@Depth=\dimen144
\adjbox@Totalheight=\dimen145
\adjbox@pwidth=\dimen146
\adjbox@pheight=\dimen147
\adjbox@pdepth=\dimen148
\adjbox@ptotalheight=\dimen149

(c:/texlive/2019/texmf-dist/tex/latex/ifoddpage/ifoddpage.sty
Package: ifoddpage 2016/04/23 v1.1 Conditionals for odd/even page detection
\c@checkoddpage=\count157
)
(c:/texlive/2019/texmf-dist/tex/latex/varwidth/varwidth.sty
Package: varwidth 2009/03/30 ver 0.92;  Variable-width minipages
\@vwid@box=\box33
\sift@deathcycles=\count158
\@vwid@loff=\dimen150
\@vwid@roff=\dimen151
))
(c:/texlive/2019/texmf-dist/tex/latex/cancel/cancel.sty
Package: cancel 2013/04/12 v2.2 Cancel math terms
)
(c:/texlive/2019/texmf-dist/tex/latex/hyperref/hyperref.sty
Package: hyperref 2019/06/12 v6.88h Hypertext links for LaTeX

(c:/texlive/2019/texmf-dist/tex/generic/oberdiek/hobsub-hyperref.sty
Package: hobsub-hyperref 2016/05/16 v1.14 Bundle oberdiek, subset hyperref (HO)


(c:/texlive/2019/texmf-dist/tex/generic/oberdiek/hobsub-generic.sty
Package: hobsub-generic 2016/05/16 v1.14 Bundle oberdiek, subset generic (HO)
Package: hobsub 2016/05/16 v1.14 Construct package bundles (HO)
Package: infwarerr 2016/05/16 v1.4 Providing info/warning/error messages (HO)
Package: ltxcmds 2016/05/16 v1.23 LaTeX kernel commands for general use (HO)
Package: ifluatex 2016/05/16 v1.4 Provides the ifluatex switch (HO)
Package ifluatex Info: LuaTeX not detected.
Package hobsub Info: Skipping package `ifvtex' (already loaded).
Package: intcalc 2016/05/16 v1.2 Expandable calculations with integers (HO)
Package hobsub Info: Skipping package `ifpdf' (already loaded).
Package: etexcmds 2016/05/16 v1.6 Avoid name clashes with e-TeX commands (HO)
Package: kvsetkeys 2016/05/16 v1.17 Key value parser (HO)
Package: kvdefinekeys 2016/05/16 v1.4 Define keys (HO)
Package: pdftexcmds 2019/07/25 v0.30 Utility functions of pdfTeX for LuaTeX (HO
)
Package pdftexcmds Info: LuaTeX not detected.
Package pdftexcmds Info: \pdf@primitive is available.
Package pdftexcmds Info: \pdf@ifprimitive is available.
Package pdftexcmds Info: \pdfdraftmode found.
Package: pdfescape 2016/05/16 v1.14 Implements pdfTeX's escape features (HO)
Package: bigintcalc 2016/05/16 v1.4 Expandable calculations on big integers (HO
)
Package: bitset 2016/05/16 v1.2 Handle bit-vector datatype (HO)
Package: uniquecounter 2016/05/16 v1.3 Provide unlimited unique counter (HO)
)
Package hobsub Info: Skipping package `hobsub' (already loaded).
Package: letltxmacro 2016/05/16 v1.5 Let assignment for LaTeX macros (HO)
Package: hopatch 2016/05/16 v1.3 Wrapper for package hooks (HO)
Package: xcolor-patch 2016/05/16 xcolor patch
Package: atveryend 2016/05/16 v1.9 Hooks at the very end of document (HO)
Package atveryend Info: \enddocument detected (standard20110627).
Package: atbegshi 2016/06/09 v1.18 At begin shipout hook (HO)
Package: refcount 2016/05/16 v3.5 Data extraction from label references (HO)
Package: hycolor 2016/05/16 v1.8 Color options for hyperref/bookmark (HO)
)
(c:/texlive/2019/texmf-dist/tex/latex/oberdiek/auxhook.sty
Package: auxhook 2016/05/16 v1.4 Hooks for auxiliary files (HO)
)
(c:/texlive/2019/texmf-dist/tex/latex/oberdiek/kvoptions.sty
Package: kvoptions 2016/05/16 v3.12 Key value format for package options (HO)
)
\@linkdim=\dimen152
\Hy@linkcounter=\count159
\Hy@pagecounter=\count160

(c:/texlive/2019/texmf-dist/tex/latex/hyperref/pd1enc.def
File: pd1enc.def 2019/06/12 v6.88h Hyperref: PDFDocEncoding definition (HO)
Now handling font encoding PD1 ...
... no UTF-8 mapping file for font encoding PD1
)
\Hy@SavedSpaceFactor=\count161

(c:/texlive/2019/texmf-dist/tex/latex/latexconfig/hyperref.cfg
File: hyperref.cfg 2002/06/06 v1.2 hyperref configuration of TeXLive
)
Package hyperref Info: Hyper figures OFF on input line 4550.
Package hyperref Info: Link nesting OFF on input line 4555.
Package hyperref Info: Hyper index ON on input line 4558.
Package hyperref Info: Plain pages OFF on input line 4565.
Package hyperref Info: Backreferencing OFF on input line 4570.
Package hyperref Info: Implicit mode ON; LaTeX internals redefined.
Package hyperref Info: Bookmarks ON on input line 4803.
\c@Hy@tempcnt=\count162

(c:/texlive/2019/texmf-dist/tex/latex/url/url.sty
\Urlmuskip=\muskip11
Package: url 2013/09/16  ver 3.4  Verb mode for urls, etc.
)
LaTeX Info: Redefining \url on input line 5156.
\XeTeXLinkMargin=\dimen153
\Fld@menulength=\count163
\Field@Width=\dimen154
\Fld@charsize=\dimen155
Package hyperref Info: Hyper figures OFF on input line 6411.
Package hyperref Info: Link nesting OFF on input line 6416.
Package hyperref Info: Hyper index ON on input line 6419.
Package hyperref Info: backreferencing OFF on input line 6426.
Package hyperref Info: Link coloring OFF on input line 6431.
Package hyperref Info: Link coloring with OCG OFF on input line 6436.
Package hyperref Info: PDF/A mode OFF on input line 6441.
LaTeX Info: Redefining \ref on input line 6481.
LaTeX Info: Redefining \pageref on input line 6485.
\Hy@abspage=\count164
\c@Item=\count165
\c@Hfootnote=\count166
)
Package hyperref Info: Driver (autodetected): hpdftex.

(c:/texlive/2019/texmf-dist/tex/latex/hyperref/hpdftex.def
File: hpdftex.def 2019/06/12 v6.88h Hyperref driver for pdfTeX
\Fld@listcount=\count167
\c@bookmark@seq@number=\count168

(c:/texlive/2019/texmf-dist/tex/latex/oberdiek/rerunfilecheck.sty
Package: rerunfilecheck 2016/05/16 v1.8 Rerun checks for auxiliary files (HO)
Package uniquecounter Info: New unique counter `rerunfilecheck' on input line 2
82.
)
\Hy@SectionHShift=\skip78
)
(c:/texlive/2019/texmf-dist/tex/latex/booktabs/booktabs.sty
Package: booktabs 2016/04/27 v1.618033 publication quality tables
\heavyrulewidth=\dimen156
\lightrulewidth=\dimen157
\cmidrulewidth=\dimen158
\belowrulesep=\dimen159
\belowbottomsep=\dimen160
\aboverulesep=\dimen161
\abovetopsep=\dimen162
\cmidrulesep=\dimen163
\cmidrulekern=\dimen164
\defaultaddspace=\dimen165
\@cmidla=\count169
\@cmidlb=\count170
\@aboverulesep=\dimen166
\@belowrulesep=\dimen167
\@thisruleclass=\count171
\@lastruleclass=\count172
\@thisrulewidth=\dimen168
)
(c:/texlive/2019/texmf-dist/tex/latex/algorithms/algorithm.sty
Package: algorithm 2009/08/24 v0.1 Document Style `algorithm' - floating enviro
nment

(c:/texlive/2019/texmf-dist/tex/latex/float/float.sty
Package: float 2001/11/08 v1.3d Float enhancements (AL)
\c@float@type=\count173
\float@exts=\toks37
\float@box=\box34
\@float@everytoks=\toks38
\@floatcapt=\box35
)
\@float@every@algorithm=\toks39
\c@algorithm=\count174
)
(c:/texlive/2019/texmf-dist/tex/latex/algorithmicx/algpseudocode.sty
Package: algpseudocode 

(c:/texlive/2019/texmf-dist/tex/latex/algorithmicx/algorithmicx.sty
Package: algorithmicx 2005/04/27 v1.2 Algorithmicx

Document Style algorithmicx 1.2 - a greatly improved `algorithmic' style
\c@ALG@line=\count175
\c@ALG@rem=\count176
\c@ALG@nested=\count177
\ALG@tlm=\skip79
\ALG@thistlm=\skip80
\c@ALG@Lnr=\count178
\c@ALG@blocknr=\count179
\c@ALG@storecount=\count180
\c@ALG@tmpcounter=\count181
\ALG@tmplength=\skip81
)
Document Style - pseudocode environments for use with the `algorithmicx' style
) (c:/texlive/2019/texmf-dist/tex/latex/pgf/frontendlayer/tikz.sty
(c:/texlive/2019/texmf-dist/tex/latex/pgf/basiclayer/pgf.sty
(c:/texlive/2019/texmf-dist/tex/latex/pgf/utilities/pgfrcs.sty
(c:/texlive/2019/texmf-dist/tex/generic/pgf/utilities/pgfutil-common.tex
\pgfutil@everybye=\toks40
\pgfutil@tempdima=\dimen169
\pgfutil@tempdimb=\dimen170

(c:/texlive/2019/texmf-dist/tex/generic/pgf/utilities/pgfutil-common-lists.tex)
) (c:/texlive/2019/texmf-dist/tex/generic/pgf/utilities/pgfutil-latex.def
\pgfutil@abb=\box36

(c:/texlive/2019/texmf-dist/tex/latex/ms/everyshi.sty
Package: everyshi 2001/05/15 v3.00 EveryShipout Package (MS)
))
(c:/texlive/2019/texmf-dist/tex/generic/pgf/utilities/pgfrcs.code.tex
(c:/texlive/2019/texmf-dist/tex/generic/pgf/pgf.revision.tex)
Package: pgfrcs 2019/08/03 v3.1.4b (3.1.4b)
))
Package: pgf 2019/08/03 v3.1.4b (3.1.4b)

(c:/texlive/2019/texmf-dist/tex/latex/pgf/basiclayer/pgfcore.sty
(c:/texlive/2019/texmf-dist/tex/latex/pgf/systemlayer/pgfsys.sty
(c:/texlive/2019/texmf-dist/tex/generic/pgf/systemlayer/pgfsys.code.tex
Package: pgfsys 2019/08/03 v3.1.4b (3.1.4b)

(c:/texlive/2019/texmf-dist/tex/generic/pgf/utilities/pgfkeys.code.tex
\pgfkeys@pathtoks=\toks41
\pgfkeys@temptoks=\toks42

(c:/texlive/2019/texmf-dist/tex/generic/pgf/utilities/pgfkeysfiltered.code.tex
\pgfkeys@tmptoks=\toks43
))
\pgf@x=\dimen171
\pgf@y=\dimen172
\pgf@xa=\dimen173
\pgf@ya=\dimen174
\pgf@xb=\dimen175
\pgf@yb=\dimen176
\pgf@xc=\dimen177
\pgf@yc=\dimen178
\pgf@xd=\dimen179
\pgf@yd=\dimen180
\w@pgf@writea=\write3
\r@pgf@reada=\read1
\c@pgf@counta=\count182
\c@pgf@countb=\count183
\c@pgf@countc=\count184
\c@pgf@countd=\count185
\t@pgf@toka=\toks44
\t@pgf@tokb=\toks45
\t@pgf@tokc=\toks46
\pgf@sys@id@count=\count186
 (c:/texlive/2019/texmf-dist/tex/generic/pgf/systemlayer/pgf.cfg
File: pgf.cfg 2019/08/03 v3.1.4b (3.1.4b)
)
Driver file for pgf: pgfsys-pdftex.def

(c:/texlive/2019/texmf-dist/tex/generic/pgf/systemlayer/pgfsys-pdftex.def
File: pgfsys-pdftex.def 2019/08/03 v3.1.4b (3.1.4b)

(c:/texlive/2019/texmf-dist/tex/generic/pgf/systemlayer/pgfsys-common-pdf.def
File: pgfsys-common-pdf.def 2019/08/03 v3.1.4b (3.1.4b)
)))
(c:/texlive/2019/texmf-dist/tex/generic/pgf/systemlayer/pgfsyssoftpath.code.tex
File: pgfsyssoftpath.code.tex 2019/08/03 v3.1.4b (3.1.4b)
\pgfsyssoftpath@smallbuffer@items=\count187
\pgfsyssoftpath@bigbuffer@items=\count188
)
(c:/texlive/2019/texmf-dist/tex/generic/pgf/systemlayer/pgfsysprotocol.code.tex
File: pgfsysprotocol.code.tex 2019/08/03 v3.1.4b (3.1.4b)
)) (c:/texlive/2019/texmf-dist/tex/latex/xcolor/xcolor.sty
Package: xcolor 2016/05/11 v2.12 LaTeX color extensions (UK)

(c:/texlive/2019/texmf-dist/tex/latex/graphics-cfg/color.cfg
File: color.cfg 2016/01/02 v1.6 sample color configuration
)
Package xcolor Info: Driver file: pdftex.def on input line 225.
Package xcolor Info: Model `cmy' substituted by `cmy0' on input line 1348.
Package xcolor Info: Model `hsb' substituted by `rgb' on input line 1352.
Package xcolor Info: Model `RGB' extended on input line 1364.
Package xcolor Info: Model `HTML' substituted by `rgb' on input line 1366.
Package xcolor Info: Model `Hsb' substituted by `hsb' on input line 1367.
Package xcolor Info: Model `tHsb' substituted by `hsb' on input line 1368.
Package xcolor Info: Model `HSB' substituted by `hsb' on input line 1369.
Package xcolor Info: Model `Gray' substituted by `gray' on input line 1370.
Package xcolor Info: Model `wave' substituted by `hsb' on input line 1371.
)
(c:/texlive/2019/texmf-dist/tex/generic/pgf/basiclayer/pgfcore.code.tex
Package: pgfcore 2019/08/03 v3.1.4b (3.1.4b)

(c:/texlive/2019/texmf-dist/tex/generic/pgf/math/pgfmath.code.tex
(c:/texlive/2019/texmf-dist/tex/generic/pgf/math/pgfmathcalc.code.tex
(c:/texlive/2019/texmf-dist/tex/generic/pgf/math/pgfmathutil.code.tex)
(c:/texlive/2019/texmf-dist/tex/generic/pgf/math/pgfmathparser.code.tex
\pgfmath@dimen=\dimen181
\pgfmath@count=\count189
\pgfmath@box=\box37
\pgfmath@toks=\toks47
\pgfmath@stack@operand=\toks48
\pgfmath@stack@operation=\toks49
)
(c:/texlive/2019/texmf-dist/tex/generic/pgf/math/pgfmathfunctions.code.tex
(c:/texlive/2019/texmf-dist/tex/generic/pgf/math/pgfmathfunctions.basic.code.te
x)
(c:/texlive/2019/texmf-dist/tex/generic/pgf/math/pgfmathfunctions.trigonometric
.code.tex)
(c:/texlive/2019/texmf-dist/tex/generic/pgf/math/pgfmathfunctions.random.code.t
ex)
(c:/texlive/2019/texmf-dist/tex/generic/pgf/math/pgfmathfunctions.comparison.co
de.tex)
(c:/texlive/2019/texmf-dist/tex/generic/pgf/math/pgfmathfunctions.base.code.tex
)
(c:/texlive/2019/texmf-dist/tex/generic/pgf/math/pgfmathfunctions.round.code.te
x)
(c:/texlive/2019/texmf-dist/tex/generic/pgf/math/pgfmathfunctions.misc.code.tex
)
(c:/texlive/2019/texmf-dist/tex/generic/pgf/math/pgfmathfunctions.integerarithm
etics.code.tex)))
(c:/texlive/2019/texmf-dist/tex/generic/pgf/math/pgfmathfloat.code.tex
\c@pgfmathroundto@lastzeros=\count190
))
(c:/texlive/2019/texmf-dist/tex/generic/pgf/math/pgfint.code.tex)
(c:/texlive/2019/texmf-dist/tex/generic/pgf/basiclayer/pgfcorepoints.code.tex
File: pgfcorepoints.code.tex 2019/08/03 v3.1.4b (3.1.4b)
\pgf@picminx=\dimen182
\pgf@picmaxx=\dimen183
\pgf@picminy=\dimen184
\pgf@picmaxy=\dimen185
\pgf@pathminx=\dimen186
\pgf@pathmaxx=\dimen187
\pgf@pathminy=\dimen188
\pgf@pathmaxy=\dimen189
\pgf@xx=\dimen190
\pgf@xy=\dimen191
\pgf@yx=\dimen192
\pgf@yy=\dimen193
\pgf@zx=\dimen194
\pgf@zy=\dimen195
)
(c:/texlive/2019/texmf-dist/tex/generic/pgf/basiclayer/pgfcorepathconstruct.cod
e.tex
File: pgfcorepathconstruct.code.tex 2019/08/03 v3.1.4b (3.1.4b)
\pgf@path@lastx=\dimen196
\pgf@path@lasty=\dimen197
)
(c:/texlive/2019/texmf-dist/tex/generic/pgf/basiclayer/pgfcorepathusage.code.te
x
File: pgfcorepathusage.code.tex 2019/08/03 v3.1.4b (3.1.4b)
\pgf@shorten@end@additional=\dimen198
\pgf@shorten@start@additional=\dimen199
)
(c:/texlive/2019/texmf-dist/tex/generic/pgf/basiclayer/pgfcorescopes.code.tex
File: pgfcorescopes.code.tex 2019/08/03 v3.1.4b (3.1.4b)
\pgfpic=\box38
\pgf@hbox=\box39
\pgf@layerbox@main=\box40
\pgf@picture@serial@count=\count191
)
(c:/texlive/2019/texmf-dist/tex/generic/pgf/basiclayer/pgfcoregraphicstate.code
.tex
File: pgfcoregraphicstate.code.tex 2019/08/03 v3.1.4b (3.1.4b)
\pgflinewidth=\dimen256
)
(c:/texlive/2019/texmf-dist/tex/generic/pgf/basiclayer/pgfcoretransformations.c
ode.tex
File: pgfcoretransformations.code.tex 2019/08/03 v3.1.4b (3.1.4b)
\pgf@pt@x=\dimen257
\pgf@pt@y=\dimen258
\pgf@pt@temp=\dimen259
)
(c:/texlive/2019/texmf-dist/tex/generic/pgf/basiclayer/pgfcorequick.code.tex
File: pgfcorequick.code.tex 2019/08/03 v3.1.4b (3.1.4b)
)
(c:/texlive/2019/texmf-dist/tex/generic/pgf/basiclayer/pgfcoreobjects.code.tex
File: pgfcoreobjects.code.tex 2019/08/03 v3.1.4b (3.1.4b)
)
(c:/texlive/2019/texmf-dist/tex/generic/pgf/basiclayer/pgfcorepathprocessing.co
de.tex
File: pgfcorepathprocessing.code.tex 2019/08/03 v3.1.4b (3.1.4b)
)
(c:/texlive/2019/texmf-dist/tex/generic/pgf/basiclayer/pgfcorearrows.code.tex
File: pgfcorearrows.code.tex 2019/08/03 v3.1.4b (3.1.4b)
\pgfarrowsep=\dimen260
)
(c:/texlive/2019/texmf-dist/tex/generic/pgf/basiclayer/pgfcoreshade.code.tex
File: pgfcoreshade.code.tex 2019/08/03 v3.1.4b (3.1.4b)
\pgf@max=\dimen261
\pgf@sys@shading@range@num=\count192
\pgf@shadingcount=\count193
)
(c:/texlive/2019/texmf-dist/tex/generic/pgf/basiclayer/pgfcoreimage.code.tex
File: pgfcoreimage.code.tex 2019/08/03 v3.1.4b (3.1.4b)

(c:/texlive/2019/texmf-dist/tex/generic/pgf/basiclayer/pgfcoreexternal.code.tex
File: pgfcoreexternal.code.tex 2019/08/03 v3.1.4b (3.1.4b)
\pgfexternal@startupbox=\box41
))
(c:/texlive/2019/texmf-dist/tex/generic/pgf/basiclayer/pgfcorelayers.code.tex
File: pgfcorelayers.code.tex 2019/08/03 v3.1.4b (3.1.4b)
)
(c:/texlive/2019/texmf-dist/tex/generic/pgf/basiclayer/pgfcoretransparency.code
.tex
File: pgfcoretransparency.code.tex 2019/08/03 v3.1.4b (3.1.4b)
)
(c:/texlive/2019/texmf-dist/tex/generic/pgf/basiclayer/pgfcorepatterns.code.tex
File: pgfcorepatterns.code.tex 2019/08/03 v3.1.4b (3.1.4b)
) (c:/texlive/2019/texmf-dist/tex/generic/pgf/basiclayer/pgfcorerdf.code.tex
File: pgfcorerdf.code.tex 2019/08/03 v3.1.4b (3.1.4b)
))) (c:/texlive/2019/texmf-dist/tex/generic/pgf/modules/pgfmoduleshapes.code.te
x
File: pgfmoduleshapes.code.tex 2019/08/03 v3.1.4b (3.1.4b)
\pgfnodeparttextbox=\box42
)
(c:/texlive/2019/texmf-dist/tex/generic/pgf/modules/pgfmoduleplot.code.tex
File: pgfmoduleplot.code.tex 2019/08/03 v3.1.4b (3.1.4b)
)
(c:/texlive/2019/texmf-dist/tex/latex/pgf/compatibility/pgfcomp-version-0-65.st
y
Package: pgfcomp-version-0-65 2019/08/03 v3.1.4b (3.1.4b)
\pgf@nodesepstart=\dimen262
\pgf@nodesepend=\dimen263
)
(c:/texlive/2019/texmf-dist/tex/latex/pgf/compatibility/pgfcomp-version-1-18.st
y
Package: pgfcomp-version-1-18 2019/08/03 v3.1.4b (3.1.4b)
)) (c:/texlive/2019/texmf-dist/tex/latex/pgf/utilities/pgffor.sty
(c:/texlive/2019/texmf-dist/tex/latex/pgf/utilities/pgfkeys.sty
(c:/texlive/2019/texmf-dist/tex/generic/pgf/utilities/pgfkeys.code.tex))
(c:/texlive/2019/texmf-dist/tex/latex/pgf/math/pgfmath.sty
(c:/texlive/2019/texmf-dist/tex/generic/pgf/math/pgfmath.code.tex))
(c:/texlive/2019/texmf-dist/tex/generic/pgf/utilities/pgffor.code.tex
Package: pgffor 2019/08/03 v3.1.4b (3.1.4b)

(c:/texlive/2019/texmf-dist/tex/generic/pgf/math/pgfmath.code.tex)
\pgffor@iter=\dimen264
\pgffor@skip=\dimen265
\pgffor@stack=\toks50
\pgffor@toks=\toks51
))
(c:/texlive/2019/texmf-dist/tex/generic/pgf/frontendlayer/tikz/tikz.code.tex
Package: tikz 2019/08/03 v3.1.4b (3.1.4b)

(c:/texlive/2019/texmf-dist/tex/generic/pgf/libraries/pgflibraryplothandlers.co
de.tex
File: pgflibraryplothandlers.code.tex 2019/08/03 v3.1.4b (3.1.4b)
\pgf@plot@mark@count=\count194
\pgfplotmarksize=\dimen266
)
\tikz@lastx=\dimen267
\tikz@lasty=\dimen268
\tikz@lastxsaved=\dimen269
\tikz@lastysaved=\dimen270
\tikz@lastmovetox=\dimen271
\tikz@lastmovetoy=\dimen272
\tikzleveldistance=\dimen273
\tikzsiblingdistance=\dimen274
\tikz@figbox=\box43
\tikz@figbox@bg=\box44
\tikz@tempbox=\box45
\tikz@tempbox@bg=\box46
\tikztreelevel=\count195
\tikznumberofchildren=\count196
\tikznumberofcurrentchild=\count197
\tikz@fig@count=\count198

(c:/texlive/2019/texmf-dist/tex/generic/pgf/modules/pgfmodulematrix.code.tex
File: pgfmodulematrix.code.tex 2019/08/03 v3.1.4b (3.1.4b)
\pgfmatrixcurrentrow=\count199
\pgfmatrixcurrentcolumn=\count266
\pgf@matrix@numberofcolumns=\count267
)
\tikz@expandcount=\count268

(c:/texlive/2019/texmf-dist/tex/generic/pgf/frontendlayer/tikz/libraries/tikzli
brarytopaths.code.tex
File: tikzlibrarytopaths.code.tex 2019/08/03 v3.1.4b (3.1.4b)
)))
(c:/texlive/2019/texmf-dist/tex/latex/setspace/setspace.sty
Package: setspace 2011/12/19 v6.7a set line spacing
) (./hw4_written.aux)
\openout1 = `hw4_written.aux'.

LaTeX Font Info:    Checking defaults for OML/cmm/m/it on input line 89.
LaTeX Font Info:    ... okay on input line 89.
LaTeX Font Info:    Checking defaults for T1/cmr/m/n on input line 89.
LaTeX Font Info:    ... okay on input line 89.
LaTeX Font Info:    Checking defaults for OT1/cmr/m/n on input line 89.
LaTeX Font Info:    ... okay on input line 89.
LaTeX Font Info:    Checking defaults for OMS/cmsy/m/n on input line 89.
LaTeX Font Info:    ... okay on input line 89.
LaTeX Font Info:    Checking defaults for OMX/cmex/m/n on input line 89.
LaTeX Font Info:    ... okay on input line 89.
LaTeX Font Info:    Checking defaults for U/cmr/m/n on input line 89.
LaTeX Font Info:    ... okay on input line 89.
LaTeX Font Info:    Checking defaults for PD1/pdf/m/n on input line 89.
LaTeX Font Info:    ... okay on input line 89.

*geometry* driver: auto-detecting
*geometry* detected driver: pdftex
*geometry* verbose mode - [ preamble ] result:
* driver: pdftex
* paper: <default>
* layout: <same size as paper>
* layoutoffset:(h,v)=(0.0pt,0.0pt)
* modes: 
* h-part:(L,W,R)=(56.9055pt, 500.484pt, 56.9055pt)
* v-part:(T,H,B)=(56.9055pt, 681.15898pt, 56.9055pt)
* \paperwidth=614.295pt
* \paperheight=794.96999pt
* \textwidth=500.484pt
* \textheight=681.15898pt
* \oddsidemargin=-15.36449pt
* \evensidemargin=-15.36449pt
* \topmargin=-45.36449pt
* \headheight=15.0pt
* \headsep=15.0pt
* \topskip=11.0pt
* \footskip=29.0pt
* \marginparwidth=36.135pt
* \marginparsep=5.0pt
* \columnsep=10.0pt
* \skip\footins=10.0pt plus 4.0pt minus 2.0pt
* \hoffset=0.0pt
* \voffset=0.0pt
* \mag=1000
* \@twocolumnfalse
* \@twosidefalse
* \@mparswitchfalse
* \@reversemarginfalse
* (1in=72.27pt=25.4mm, 1cm=28.453pt)

\c@lstlisting=\count269
(c:/texlive/2019/texmf-dist/tex/context/base/mkii/supp-pdf.mkii
[Loading MPS to PDF converter (version 2006.09.02).]
\scratchcounter=\count270
\scratchdimen=\dimen275
\scratchbox=\box47
\nofMPsegments=\count271
\nofMParguments=\count272
\everyMPshowfont=\toks52
\MPscratchCnt=\count273
\MPscratchDim=\dimen276
\MPnumerator=\count274
\makeMPintoPDFobject=\count275
\everyMPtoPDFconversion=\toks53
) (c:/texlive/2019/texmf-dist/tex/latex/oberdiek/epstopdf-base.sty
Package: epstopdf-base 2016/05/15 v2.6 Base part for package epstopdf

(c:/texlive/2019/texmf-dist/tex/latex/oberdiek/grfext.sty
Package: grfext 2016/05/16 v1.2 Manage graphics extensions (HO)
)
Package epstopdf-base Info: Redefining graphics rule for `.eps' on input line 4
38.
Package grfext Info: Graphics extension search list:
(grfext)             [.pdf,.png,.jpg,.mps,.jpeg,.jbig2,.jb2,.PDF,.PNG,.JPG,.JPE
G,.JBIG2,.JB2,.eps]
(grfext)             \AppendGraphicsExtensions on input line 456.

(c:/texlive/2019/texmf-dist/tex/latex/latexconfig/epstopdf-sys.cfg
File: epstopdf-sys.cfg 2010/07/13 v1.3 Configuration of (r)epstopdf for TeX Liv
e
))
\AtBeginShipoutBox=\box48
Package hyperref Info: Link coloring OFF on input line 89.

(c:/texlive/2019/texmf-dist/tex/latex/hyperref/nameref.sty
Package: nameref 2016/05/21 v2.44 Cross-referencing by name of section

(c:/texlive/2019/texmf-dist/tex/generic/oberdiek/gettitlestring.sty
Package: gettitlestring 2016/05/16 v1.5 Cleanup title references (HO)
)
\c@section@level=\count276
)
LaTeX Info: Redefining \ref on input line 89.
LaTeX Info: Redefining \pageref on input line 89.
LaTeX Info: Redefining \nameref on input line 89.

(./hw4_written.out) (./hw4_written.out)
\@outlinefile=\write4
\openout4 = `hw4_written.out'.

 ABD: EveryShipout initializing macros
LaTeX Font Info:    Try loading font information for U+msa on input line 91.

(c:/texlive/2019/texmf-dist/tex/latex/amsfonts/umsa.fd
File: umsa.fd 2013/01/14 v3.01 AMS symbols A
)
LaTeX Font Info:    Try loading font information for U+msb on input line 91.

(c:/texlive/2019/texmf-dist/tex/latex/amsfonts/umsb.fd
File: umsb.fd 2013/01/14 v3.01 AMS symbols B
)

LaTeX Warning: No \author given.

LaTeX Font Info:    Try loading font information for OMS+cmr on input line 94.
(c:/texlive/2019/texmf-dist/tex/latex/base/omscmr.fd
File: omscmr.fd 2014/09/29 v2.5h Standard LaTeX font definitions
)
LaTeX Font Info:    Font shape `OMS/cmr/m/n' in size <10.95> not available
(Font)              Font shape `OMS/cmsy/m/n' tried instead on input line 94.

Underfull \hbox (badness 10000) in paragraph at lines 109--111

 []

[1

{c:/texlive/2019/texmf-var/fonts/map/pdftex/updmap/pdftex.map}] [2]
Underfull \hbox (badness 10000) in paragraph at lines 164--165

 []


Overfull \hbox (32.7396pt too wide) in paragraph at lines 183--187
\OT1/cmr/m/n/10.95 will ap-prox-i-mate $\OML/cmm/m/it/10.95 Q[]$ \OT1/cmr/m/n/1
0.95 us-ing the sam-ples. You can use any of the terms $\OML/cmm/m/it/10.95 Q; 
s[]; s[]; a[]; a[]; r[]; r[]; ^^M; ; ^^Y$
 []

[3]
This exam contains 0 questions with 0 parts, 0 subparts, and 0 subsubparts.
Package atveryend Info: Empty hook `BeforeClearDocument' on input line 215.
Package atveryend Info: Empty hook `AfterLastShipout' on input line 215.
(./hw4_written.aux)
Package atveryend Info: Executing hook `AtVeryEndDocument' on input line 215.
Package atveryend Info: Executing hook `AtEndAfterFileList' on input line 215.
Package rerunfilecheck Info: File `hw4_written.out' has not changed.
(rerunfilecheck)             Checksum: 5A47C59EFCD2DEE900E0B612C3BAA402;109.
Package atveryend Info: Empty hook `AtVeryVeryEnd' on input line 215.
 ) 
Here is how much of TeX's memory you used:
 21232 strings out of 492609
 378729 string characters out of 6132818
 483088 words of memory out of 5000000
 24751 multiletter control sequences out of 15000+600000
 10737 words of font info for 41 fonts, out of 8000000 for 9000
 1141 hyphenation exceptions out of 8191
 55i,11n,48p,410b,408s stack positions out of 5000i,500n,10000p,200000b,80000s
<c:/texlive/2019/texmf-dist/fonts/type1/public/amsfonts/cm/cmbx12.pfb><c:/tex
live/2019/texmf-dist/fonts/type1/public/amsfonts/cm/cmex10.pfb><c:/texlive/2019
/texmf-dist/fonts/type1/public/amsfonts/cm/cmmi10.pfb><c:/texlive/2019/texmf-di
st/fonts/type1/public/amsfonts/cm/cmmi8.pfb><c:/texlive/2019/texmf-dist/fonts/t
ype1/public/amsfonts/cm/cmr10.pfb><c:/texlive/2019/texmf-dist/fonts/type1/publi
c/amsfonts/cm/cmr12.pfb><c:/texlive/2019/texmf-dist/fonts/type1/public/amsfonts
/cm/cmr17.pfb><c:/texlive/2019/texmf-dist/fonts/type1/public/amsfonts/cm/cmr8.p
fb><c:/texlive/2019/texmf-dist/fonts/type1/public/amsfonts/cm/cmsy10.pfb><c:/te
xlive/2019/texmf-dist/fonts/type1/public/amsfonts/cm/cmsy6.pfb><c:/texlive/2019
/texmf-dist/fonts/type1/public/amsfonts/cm/cmsy8.pfb><c:/texlive/2019/texmf-dis
t/fonts/type1/public/amsfonts/symbols/msbm10.pfb>
Output written on hw4_written.pdf (3 pages, 127846 bytes).
PDF statistics:
 113 PDF objects out of 1000 (max. 8388607)
 95 compressed objects within 1 object stream
 32 named destinations out of 1000 (max. 500000)
 29 words of extra memory for PDF output out of 10000 (max. 10000000)

